<?xml version="1.0" encoding="UTF-8"?>
<testng-results ignored="0" total="8" passed="8" failed="0" skipped="0">
  <reporter-output>
  </reporter-output>
  <suite started-at="2022-05-16T08:05:21Z" name="RunSauceLabs" finished-at="2022-05-16T08:05:47Z" duration-ms="26026">
    <groups>
    </groups>
    <test started-at="2022-05-16T08:05:21Z" name="Run on edge" finished-at="2022-05-16T08:05:46Z" duration-ms="25055">
      <class name="testcases.RunForGrid.RunAll">
        <test-method is-config="true" signature="beforeClass(java.lang.String, java.lang.String, java.lang.String, java.lang.String, java.lang.String, java.lang.String, java.lang.String, java.lang.String)[pri:0, instance:testcases.RunForGrid.RunAll@73a8da0f]" started-at="2022-05-16T08:05:21Z" name="beforeClass" finished-at="2022-05-16T08:05:27Z" duration-ms="6434" status="PASS">
          <params>
            <param index="0">
              <value>
                <![CDATA[Local]]>
              </value>
            </param>
            <param index="1">
              <value>
                <![CDATA[Admin]]>
              </value>
            </param>
            <param index="2">
              <value>
                <![CDATA[edge]]>
              </value>
            </param>
            <param index="3">
              <value>
                <![CDATA[]]>
              </value>
            </param>
            <param index="4">
              <value>
                <![CDATA[]]>
              </value>
            </param>
            <param index="5">
              <value>
                <![CDATA[]]>
              </value>
            </param>
            <param index="6">
              <value>
                <![CDATA[]]>
              </value>
            </param>
            <param index="7">
              <value>
                <![CDATA[]]>
              </value>
            </param>
          </params>
          <reporter-output>
          </reporter-output>
        </test-method> <!-- beforeClass -->
        <test-method signature="TC_01_Register(java.lang.reflect.Method)[pri:0, instance:testcases.RunForGrid.RunAll@73a8da0f]" started-at="2022-05-16T08:05:27Z" name="TC_01_Register" finished-at="2022-05-16T08:05:38Z" duration-ms="11089" status="PASS">
          <params>
            <param index="0">
              <value>
                <![CDATA[public void testcases.RunForGrid.RunAll.TC_01_Register(java.lang.reflect.Method)]]>
              </value>
            </param>
          </params>
          <reporter-output>
          </reporter-output>
        </test-method> <!-- TC_01_Register -->
        <test-method signature="TC_02_Login(java.lang.reflect.Method)[pri:0, instance:testcases.RunForGrid.RunAll@73a8da0f]" started-at="2022-05-16T08:05:38Z" name="TC_02_Login" finished-at="2022-05-16T08:05:45Z" duration-ms="6327" status="PASS">
          <params>
            <param index="0">
              <value>
                <![CDATA[public void testcases.RunForGrid.RunAll.TC_02_Login(java.lang.reflect.Method)]]>
              </value>
            </param>
          </params>
          <reporter-output>
          </reporter-output>
        </test-method> <!-- TC_02_Login -->
        <test-method signature="TC_03_Edit(java.lang.reflect.Method)[pri:0, instance:testcases.RunForGrid.RunAll@73a8da0f]" started-at="2022-05-16T08:05:45Z" name="TC_03_Edit" finished-at="2022-05-16T08:05:45Z" duration-ms="0" status="PASS">
          <params>
            <param index="0">
              <value>
                <![CDATA[public void testcases.RunForGrid.RunAll.TC_03_Edit(java.lang.reflect.Method)]]>
              </value>
            </param>
          </params>
          <reporter-output>
          </reporter-output>
        </test-method> <!-- TC_03_Edit -->
        <test-method is-config="true" signature="afterClass(java.lang.String)[pri:0, instance:testcases.RunForGrid.RunAll@73a8da0f]" started-at="2022-05-16T08:05:45Z" name="afterClass" finished-at="2022-05-16T08:05:46Z" duration-ms="1184" status="PASS">
          <params>
            <param index="0">
              <value>
                <![CDATA[Local]]>
              </value>
            </param>
          </params>
          <reporter-output>
          </reporter-output>
        </test-method> <!-- afterClass -->
        <test-method signature="TC_04_Delete(java.lang.reflect.Method)[pri:0, instance:testcases.RunForGrid.RunAll@73a8da0f]" started-at="2022-05-16T08:05:45Z" name="TC_04_Delete" finished-at="2022-05-16T08:05:45Z" duration-ms="0" status="PASS">
          <params>
            <param index="0">
              <value>
                <![CDATA[public void testcases.RunForGrid.RunAll.TC_04_Delete(java.lang.reflect.Method)]]>
              </value>
            </param>
          </params>
          <reporter-output>
          </reporter-output>
        </test-method> <!-- TC_04_Delete -->
      </class> <!-- testcases.RunForGrid.RunAll -->
    </test> <!-- Run on edge -->
    <test started-at="2022-05-16T08:05:21Z" name="Run on Firefox" finished-at="2022-05-16T08:05:47Z" duration-ms="26025">
      <class name="testcases.RunForGrid.RunAll">
        <test-method is-config="true" signature="beforeClass(java.lang.String, java.lang.String, java.lang.String, java.lang.String, java.lang.String, java.lang.String, java.lang.String, java.lang.String)[pri:0, instance:testcases.RunForGrid.RunAll@3eb77ea8]" started-at="2022-05-16T08:05:21Z" name="beforeClass" finished-at="2022-05-16T08:05:30Z" duration-ms="9527" status="PASS">
          <params>
            <param index="0">
              <value>
                <![CDATA[Local]]>
              </value>
            </param>
            <param index="1">
              <value>
                <![CDATA[Admin]]>
              </value>
            </param>
            <param index="2">
              <value>
                <![CDATA[Firefox]]>
              </value>
            </param>
            <param index="3">
              <value>
                <![CDATA[]]>
              </value>
            </param>
            <param index="4">
              <value>
                <![CDATA[]]>
              </value>
            </param>
            <param index="5">
              <value>
                <![CDATA[]]>
              </value>
            </param>
            <param index="6">
              <value>
                <![CDATA[]]>
              </value>
            </param>
            <param index="7">
              <value>
                <![CDATA[]]>
              </value>
            </param>
          </params>
          <reporter-output>
          </reporter-output>
        </test-method> <!-- beforeClass -->
        <test-method signature="TC_01_Register(java.lang.reflect.Method)[pri:0, instance:testcases.RunForGrid.RunAll@3eb77ea8]" started-at="2022-05-16T08:05:30Z" name="TC_01_Register" finished-at="2022-05-16T08:05:40Z" duration-ms="9538" status="PASS">
          <params>
            <param index="0">
              <value>
                <![CDATA[public void testcases.RunForGrid.RunAll.TC_01_Register(java.lang.reflect.Method)]]>
              </value>
            </param>
          </params>
          <reporter-output>
          </reporter-output>
        </test-method> <!-- TC_01_Register -->
        <test-method signature="TC_02_Login(java.lang.reflect.Method)[pri:0, instance:testcases.RunForGrid.RunAll@3eb77ea8]" started-at="2022-05-16T08:05:40Z" name="TC_02_Login" finished-at="2022-05-16T08:05:45Z" duration-ms="5521" status="PASS">
          <params>
            <param index="0">
              <value>
                <![CDATA[public void testcases.RunForGrid.RunAll.TC_02_Login(java.lang.reflect.Method)]]>
              </value>
            </param>
          </params>
          <reporter-output>
          </reporter-output>
        </test-method> <!-- TC_02_Login -->
        <test-method signature="TC_03_Edit(java.lang.reflect.Method)[pri:0, instance:testcases.RunForGrid.RunAll@3eb77ea8]" started-at="2022-05-16T08:05:45Z" name="TC_03_Edit" finished-at="2022-05-16T08:05:45Z" duration-ms="0" status="PASS">
          <params>
            <param index="0">
              <value>
                <![CDATA[public void testcases.RunForGrid.RunAll.TC_03_Edit(java.lang.reflect.Method)]]>
              </value>
            </param>
          </params>
          <reporter-output>
          </reporter-output>
        </test-method> <!-- TC_03_Edit -->
        <test-method signature="TC_04_Delete(java.lang.reflect.Method)[pri:0, instance:testcases.RunForGrid.RunAll@3eb77ea8]" started-at="2022-05-16T08:05:45Z" name="TC_04_Delete" finished-at="2022-05-16T08:05:45Z" duration-ms="0" status="PASS">
          <params>
            <param index="0">
              <value>
                <![CDATA[public void testcases.RunForGrid.RunAll.TC_04_Delete(java.lang.reflect.Method)]]>
              </value>
            </param>
          </params>
          <reporter-output>
          </reporter-output>
        </test-method> <!-- TC_04_Delete -->
        <test-method is-config="true" signature="afterClass(java.lang.String)[pri:0, instance:testcases.RunForGrid.RunAll@3eb77ea8]" started-at="2022-05-16T08:05:45Z" name="afterClass" finished-at="2022-05-16T08:05:47Z" duration-ms="1429" status="PASS">
          <params>
            <param index="0">
              <value>
                <![CDATA[Local]]>
              </value>
            </param>
          </params>
          <reporter-output>
          </reporter-output>
        </test-method> <!-- afterClass -->
      </class> <!-- testcases.RunForGrid.RunAll -->
    </test> <!-- Run on Firefox -->
  </suite> <!-- RunSauceLabs -->
</testng-results>
