<?xml version="1.0" encoding="UTF-8"?>
<testng-results ignored="0" total="8" passed="8" failed="0" skipped="0">
  <reporter-output>
  </reporter-output>
  <suite started-at="2022-05-08T02:41:18Z" name="RunSauceLabs" finished-at="2022-05-08T02:42:24Z" duration-ms="66379">
    <groups>
    </groups>
    <test started-at="2022-05-08T02:41:18Z" name="Run on chrome" finished-at="2022-05-08T02:41:47Z" duration-ms="29466">
      <class name="testcases.RunForGrid.RunAll">
        <test-method is-config="true" signature="beforeClass(java.lang.String, java.lang.String, java.lang.String, java.lang.String, java.lang.String, java.lang.String, java.lang.String, java.lang.String)[pri:0, instance:testcases.RunForGrid.RunAll@11f0a5a1]" started-at="2022-05-08T02:41:18Z" name="beforeClass" finished-at="2022-05-08T02:41:29Z" duration-ms="11705" status="PASS">
          <params>
            <param index="0">
              <value>
                <![CDATA[Local]]>
              </value>
            </param>
            <param index="1">
              <value>
                <![CDATA[Admin]]>
              </value>
            </param>
            <param index="2">
              <value>
                <![CDATA[chrome]]>
              </value>
            </param>
            <param index="3">
              <value>
                <![CDATA[]]>
              </value>
            </param>
            <param index="4">
              <value>
                <![CDATA[]]>
              </value>
            </param>
            <param index="5">
              <value>
                <![CDATA[]]>
              </value>
            </param>
            <param index="6">
              <value>
                <![CDATA[]]>
              </value>
            </param>
            <param index="7">
              <value>
                <![CDATA[]]>
              </value>
            </param>
          </params>
          <reporter-output>
          </reporter-output>
        </test-method> <!-- beforeClass -->
        <test-method signature="TC_01_Register(java.lang.reflect.Method)[pri:0, instance:testcases.RunForGrid.RunAll@11f0a5a1]" started-at="2022-05-08T02:41:29Z" name="TC_01_Register" finished-at="2022-05-08T02:41:40Z" duration-ms="10779" status="PASS">
          <params>
            <param index="0">
              <value>
                <![CDATA[public void testcases.RunForGrid.RunAll.TC_01_Register(java.lang.reflect.Method)]]>
              </value>
            </param>
          </params>
          <reporter-output>
          </reporter-output>
        </test-method> <!-- TC_01_Register -->
        <test-method signature="TC_02_Login(java.lang.reflect.Method)[pri:0, instance:testcases.RunForGrid.RunAll@11f0a5a1]" started-at="2022-05-08T02:41:40Z" name="TC_02_Login" finished-at="2022-05-08T02:41:46Z" duration-ms="5925" status="PASS">
          <params>
            <param index="0">
              <value>
                <![CDATA[public void testcases.RunForGrid.RunAll.TC_02_Login(java.lang.reflect.Method)]]>
              </value>
            </param>
          </params>
          <reporter-output>
          </reporter-output>
        </test-method> <!-- TC_02_Login -->
        <test-method signature="TC_03_Edit(java.lang.reflect.Method)[pri:0, instance:testcases.RunForGrid.RunAll@11f0a5a1]" started-at="2022-05-08T02:41:46Z" name="TC_03_Edit" finished-at="2022-05-08T02:41:46Z" duration-ms="1" status="PASS">
          <params>
            <param index="0">
              <value>
                <![CDATA[public void testcases.RunForGrid.RunAll.TC_03_Edit(java.lang.reflect.Method)]]>
              </value>
            </param>
          </params>
          <reporter-output>
          </reporter-output>
        </test-method> <!-- TC_03_Edit -->
        <test-method signature="TC_04_Delete(java.lang.reflect.Method)[pri:0, instance:testcases.RunForGrid.RunAll@11f0a5a1]" started-at="2022-05-08T02:41:46Z" name="TC_04_Delete" finished-at="2022-05-08T02:41:46Z" duration-ms="1" status="PASS">
          <params>
            <param index="0">
              <value>
                <![CDATA[public void testcases.RunForGrid.RunAll.TC_04_Delete(java.lang.reflect.Method)]]>
              </value>
            </param>
          </params>
          <reporter-output>
          </reporter-output>
        </test-method> <!-- TC_04_Delete -->
        <test-method is-config="true" signature="afterClass(java.lang.String)[pri:0, instance:testcases.RunForGrid.RunAll@11f0a5a1]" started-at="2022-05-08T02:41:46Z" name="afterClass" finished-at="2022-05-08T02:41:47Z" duration-ms="1035" status="PASS">
          <params>
            <param index="0">
              <value>
                <![CDATA[Local]]>
              </value>
            </param>
          </params>
          <reporter-output>
          </reporter-output>
        </test-method> <!-- afterClass -->
      </class> <!-- testcases.RunForGrid.RunAll -->
    </test> <!-- Run on chrome -->
    <test started-at="2022-05-08T02:41:18Z" name="Run on Firefox" finished-at="2022-05-08T02:42:24Z" duration-ms="66378">
      <class name="testcases.RunForGrid.RunAll">
        <test-method is-config="true" signature="beforeClass(java.lang.String, java.lang.String, java.lang.String, java.lang.String, java.lang.String, java.lang.String, java.lang.String, java.lang.String)[pri:0, instance:testcases.RunForGrid.RunAll@48793bef]" started-at="2022-05-08T02:41:18Z" name="beforeClass" finished-at="2022-05-08T02:42:08Z" duration-ms="50541" status="PASS">
          <params>
            <param index="0">
              <value>
                <![CDATA[Local]]>
              </value>
            </param>
            <param index="1">
              <value>
                <![CDATA[Admin]]>
              </value>
            </param>
            <param index="2">
              <value>
                <![CDATA[Firefox]]>
              </value>
            </param>
            <param index="3">
              <value>
                <![CDATA[]]>
              </value>
            </param>
            <param index="4">
              <value>
                <![CDATA[]]>
              </value>
            </param>
            <param index="5">
              <value>
                <![CDATA[]]>
              </value>
            </param>
            <param index="6">
              <value>
                <![CDATA[]]>
              </value>
            </param>
            <param index="7">
              <value>
                <![CDATA[]]>
              </value>
            </param>
          </params>
          <reporter-output>
          </reporter-output>
        </test-method> <!-- beforeClass -->
        <test-method signature="TC_01_Register(java.lang.reflect.Method)[pri:0, instance:testcases.RunForGrid.RunAll@48793bef]" started-at="2022-05-08T02:42:08Z" name="TC_01_Register" finished-at="2022-05-08T02:42:18Z" duration-ms="9566" status="PASS">
          <params>
            <param index="0">
              <value>
                <![CDATA[public void testcases.RunForGrid.RunAll.TC_01_Register(java.lang.reflect.Method)]]>
              </value>
            </param>
          </params>
          <reporter-output>
          </reporter-output>
        </test-method> <!-- TC_01_Register -->
        <test-method signature="TC_02_Login(java.lang.reflect.Method)[pri:0, instance:testcases.RunForGrid.RunAll@48793bef]" started-at="2022-05-08T02:42:18Z" name="TC_02_Login" finished-at="2022-05-08T02:42:23Z" duration-ms="5484" status="PASS">
          <params>
            <param index="0">
              <value>
                <![CDATA[public void testcases.RunForGrid.RunAll.TC_02_Login(java.lang.reflect.Method)]]>
              </value>
            </param>
          </params>
          <reporter-output>
          </reporter-output>
        </test-method> <!-- TC_02_Login -->
        <test-method signature="TC_03_Edit(java.lang.reflect.Method)[pri:0, instance:testcases.RunForGrid.RunAll@48793bef]" started-at="2022-05-08T02:42:23Z" name="TC_03_Edit" finished-at="2022-05-08T02:42:23Z" duration-ms="1" status="PASS">
          <params>
            <param index="0">
              <value>
                <![CDATA[public void testcases.RunForGrid.RunAll.TC_03_Edit(java.lang.reflect.Method)]]>
              </value>
            </param>
          </params>
          <reporter-output>
          </reporter-output>
        </test-method> <!-- TC_03_Edit -->
        <test-method signature="TC_04_Delete(java.lang.reflect.Method)[pri:0, instance:testcases.RunForGrid.RunAll@48793bef]" started-at="2022-05-08T02:42:23Z" name="TC_04_Delete" finished-at="2022-05-08T02:42:23Z" duration-ms="1" status="PASS">
          <params>
            <param index="0">
              <value>
                <![CDATA[public void testcases.RunForGrid.RunAll.TC_04_Delete(java.lang.reflect.Method)]]>
              </value>
            </param>
          </params>
          <reporter-output>
          </reporter-output>
        </test-method> <!-- TC_04_Delete -->
        <test-method is-config="true" signature="afterClass(java.lang.String)[pri:0, instance:testcases.RunForGrid.RunAll@48793bef]" started-at="2022-05-08T02:42:23Z" name="afterClass" finished-at="2022-05-08T02:42:24Z" duration-ms="773" status="PASS">
          <params>
            <param index="0">
              <value>
                <![CDATA[Local]]>
              </value>
            </param>
          </params>
          <reporter-output>
          </reporter-output>
        </test-method> <!-- afterClass -->
      </class> <!-- testcases.RunForGrid.RunAll -->
    </test> <!-- Run on Firefox -->
  </suite> <!-- RunSauceLabs -->
</testng-results>
