<?xml version="1.0" encoding="UTF-8"?>
<testsuite xmlns:xsi="http://www.w3.org/2001/XMLSchema-instance" xsi:noNamespaceSchemaLocation="https://maven.apache.org/surefire/maven-surefire-plugin/xsd/surefire-test-report-3.0.xsd" version="3.0" name="TestSuite" time="27.083" tests="8" errors="0" skipped="0" failures="0">
  <properties>
[...]
</properties>
  <testcase name="TC_01_Register[public void testcases.RunForGrid.RunAll.TC_01_Register(java.lang.reflect.Method)](1)" classname="testcases.RunForGrid.RunAll" time="8.005">
    <system-err><![CDATA[Starting MSEdgeDriver 101.0.1210.47 (f5323bd54bb60f77072603850ed368ae23c34251) on port 19882
Only local connections are allowed.
Please see https://chromedriver.chromium.org/security-considerations for suggestions on keeping MSEdgeDriver safe.
MSEdgeDriver was started successfully.
May 16, 2022 3:05:25 PM org.openqa.selenium.remote.ProtocolHandshake createSession
INFO: Detected dialect: W3C
May 16, 2022 3:05:29 PM org.openqa.selenium.remote.ProtocolHandshake createSession
INFO: Detected dialect: W3C
]]></system-err>
  </testcase>
  <testcase name="TC_01_Register[public void testcases.RunForGrid.RunAll.TC_01_Register(java.lang.reflect.Method)](1)" classname="testcases.RunForGrid.RunAll" time="1.53"/>
  <testcase name="TC_02_Login[public void testcases.RunForGrid.RunAll.TC_02_Login(java.lang.reflect.Method)](1)" classname="testcases.RunForGrid.RunAll" time="4.797"/>
  <testcase name="TC_02_Login[public void testcases.RunForGrid.RunAll.TC_02_Login(java.lang.reflect.Method)](1)" classname="testcases.RunForGrid.RunAll" time="0.725"/>
  <testcase name="TC_03_Edit[public void testcases.RunForGrid.RunAll.TC_03_Edit(java.lang.reflect.Method)](1)" classname="testcases.RunForGrid.RunAll" time="0"/>
  <testcase name="TC_03_Edit[public void testcases.RunForGrid.RunAll.TC_03_Edit(java.lang.reflect.Method)](1)" classname="testcases.RunForGrid.RunAll" time="0.001"/>
  <testcase name="TC_04_Delete[public void testcases.RunForGrid.RunAll.TC_04_Delete(java.lang.reflect.Method)](1)" classname="testcases.RunForGrid.RunAll" time="0"/>
  <testcase name="TC_04_Delete[public void testcases.RunForGrid.RunAll.TC_04_Delete(java.lang.reflect.Method)](1)" classname="testcases.RunForGrid.RunAll" time="0"/>
</testsuite>