<?xml version="1.0" encoding="UTF-8"?>
<!-- Generated by org.testng.reporters.JUnitXMLReporter -->
<testsuite ignored="0" hostname="DN1-HOANGLH" failures="0" tests="4" name="Run on chrome" time="29.466" errors="0" timestamp="08 May 2022 02:41:47 GMT">
  <testcase classname="testcases.RunForGrid.RunAll" name="TC_01_Register" time="10.779"/>
  <testcase classname="testcases.RunForGrid.RunAll" name="TC_02_Login" time="5.925"/>
  <testcase classname="testcases.RunForGrid.RunAll" name="TC_03_Edit" time="0.001"/>
  <testcase classname="testcases.RunForGrid.RunAll" name="TC_04_Delete" time="0.001"/>
</testsuite> <!-- Run on chrome -->
