<?xml version="1.0" encoding="UTF-8"?>
<!-- Generated by org.testng.reporters.JUnitXMLReporter -->
<testsuite ignored="0" hostname="DN1-HOANGLH" failures="0" tests="4" name="Run on Firefox" time="26.025" errors="0" timestamp="16 May 2022 08:05:47 GMT">
  <testcase classname="testcases.RunForGrid.RunAll" name="TC_01_Register" time="9.538"/>
  <testcase classname="testcases.RunForGrid.RunAll" name="TC_02_Login" time="5.521"/>
  <testcase classname="testcases.RunForGrid.RunAll" name="TC_03_Edit" time="0.0"/>
  <testcase classname="testcases.RunForGrid.RunAll" name="TC_04_Delete" time="0.0"/>
</testsuite> <!-- Run on Firefox -->
